<html>
<body>
<pre>
<h1>Vision Build Log</h1>
<h2>Project:</h2>
F:\物联网\2018\Code\计时器\按键时钟\Test.uvproj
Project File Date:  11/22/2018

<h2>Output:</h2>
Build target 'Target 1'
assembling STARTUP.A51...
compiling main.c...
MAIN.C(39): warning C265: 'wait': recursive call to non-reentrant function
MAIN.C(60): error C141: syntax error near 'interrupt'
MAIN.C(60): error C141: syntax error near ')'
MAIN.C(61): error C231: 'TH0': redefinition
MAIN.C(61): error C231: 'TH0': redefinition
MAIN.C(62): error C231: 'TL0': redefinition
MAIN.C(62): error C231: 'TL0': redefinition
MAIN.C(63): error C231: 'TF0': redefinition
MAIN.C(63): error C231: 'TF0': redefinition
MAIN.C(64): error C231: 'TR0': redefinition
MAIN.C(64): error C231: 'TR0': redefinition
MAIN.C(65): error C129: missing ';' before '++'
Target not created
Build target 'Target 1'
assembling STARTUP.A51...
compiling main.c...
MAIN.C(39): warning C265: 'wait': recursive call to non-reentrant function
linking...
Program Size: data=54.0 xdata=0 code=368
creating hex file from "Test"...
"Test" - 0 Error(s), 1 Warning(s).
Build target 'Target 1'
assembling STARTUP.A51...
compiling main.c...
linking...
Program Size: data=54.0 xdata=0 code=368
creating hex file from "Test"...
"Test" - 0 Error(s), 0 Warning(s).
Build target 'Target 1'
linking...
Program Size: data=54.0 xdata=0 code=368
creating hex file from "Test"...
"Test" - 0 Error(s), 0 Warning(s).
Build target 'Target 1'
assembling STARTUP.A51...
compiling main.c...
linking...
Program Size: data=54.0 xdata=0 code=368
creating hex file from "Test"...
"Test" - 0 Error(s), 0 Warning(s).
Build target 'Target 1'
assembling STARTUP.A51...
compiling main.c...
linking...
Program Size: data=54.0 xdata=0 code=368
creating hex file from "Test"...
"Test" - 0 Error(s), 0 Warning(s).
Build target 'Target 1'
assembling STARTUP.A51...
compiling main.c...
linking...
Program Size: data=54.0 xdata=0 code=365
creating hex file from "Test"...
"Test" - 0 Error(s), 0 Warning(s).
Build target 'Target 1'
assembling STARTUP.A51...
compiling main.c...
linking...
Program Size: data=54.0 xdata=0 code=364
creating hex file from "Test"...
"Test" - 0 Error(s), 0 Warning(s).
Build target 'Target 1'
assembling STARTUP.A51...
compiling main.c...
linking...
*** WARNING L16: UNCALLED SEGMENT, IGNORED FOR OVERLAY PROCESS
    SEGMENT: ?PR?WAIT?MAIN
Program Size: data=54.0 xdata=0 code=361
creating hex file from "Test"...
"Test" - 0 Error(s), 1 Warning(s).
Build target 'Target 1'
assembling STARTUP.A51...
compiling main.c...
linking...
Program Size: data=54.0 xdata=0 code=368
creating hex file from "Test"...
"Test" - 0 Error(s), 0 Warning(s).
Build target 'Target 1'
assembling STARTUP.A51...
compiling main.c...
MAIN.C(72): error C171: 'break': missing enclosing loop
Target not created
Build target 'Target 1'
assembling STARTUP.A51...
compiling main.c...
MAIN.C(72): error C171: 'break': missing enclosing loop
Target not created
Build target 'Target 1'
assembling STARTUP.A51...
compiling main.c...
MAIN.C(72): error C171: 'break': missing enclosing loop
Target not created
Build target 'Target 1'
assembling STARTUP.A51...
compiling main.c...
linking...
Program Size: data=54.0 xdata=0 code=354
creating hex file from "Test"...
"Test" - 0 Error(s), 0 Warning(s).
Build target 'Target 1'
assembling STARTUP.A51...
compiling main.c...
MAIN.C(72): error C171: 'break': missing enclosing loop
Target not created
Build target 'Target 1'
assembling STARTUP.A51...
compiling main.c...
MAIN.C(72): error C171: 'break': missing enclosing loop
Target not created
Build target 'Target 1'
assembling STARTUP.A51...
compiling main.c...
MAIN.C(72): error C171: 'break': missing enclosing loop
Target not created
Build target 'Target 1'
assembling STARTUP.A51...
compiling main.c...
linking...
*** WARNING L16: UNCALLED SEGMENT, IGNORED FOR OVERLAY PROCESS
    SEGMENT: ?PR?WAIT?MAIN
Program Size: data=54.0 xdata=0 code=353
creating hex file from "Test"...
"Test" - 0 Error(s), 1 Warning(s).
Build target 'Target 1'
assembling STARTUP.A51...
compiling main.c...
linking...
*** WARNING L16: UNCALLED SEGMENT, IGNORED FOR OVERLAY PROCESS
    SEGMENT: ?PR?WAIT?MAIN
Program Size: data=54.0 xdata=0 code=353
creating hex file from "Test"...
"Test" - 0 Error(s), 1 Warning(s).
Build target 'Target 1'
assembling STARTUP.A51...
compiling main.c...
linking...
*** WARNING L16: UNCALLED SEGMENT, IGNORED FOR OVERLAY PROCESS
    SEGMENT: ?PR?WAIT?MAIN
Program Size: data=54.0 xdata=0 code=353
creating hex file from "Test"...
"Test" - 0 Error(s), 1 Warning(s).
Build target 'Target 1'
assembling STARTUP.A51...
compiling main.c...
linking...
Program Size: data=54.0 xdata=0 code=350
creating hex file from "Test"...
"Test" - 0 Error(s), 0 Warning(s).
